timestamp: 2010-01-05T16:35:16.779363
CREATE TABLE users(
    id INTEGER PRIMARY KEY AUTOINCREMENT,
    name CHAR(512),
    email CHAR(512)
);
success!
timestamp: 2010-01-05T16:35:16.782360
CREATE TABLE dogs(
    id INTEGER PRIMARY KEY AUTOINCREMENT,
    owner_id REFERENCES users(id) ON DELETE CASCADE,
    name CHAR(512),
    type CHAR(512),
    vaccinated CHAR(1),
    picture CHAR(512)
);
success!
timestamp: 2010-01-05T16:35:16.784301
CREATE TABLE products(
    id INTEGER PRIMARY KEY AUTOINCREMENT,
    name CHAR(512),
    description TEXT
);
success!
timestamp: 2010-01-05T16:35:16.787224
CREATE TABLE purchases(
    id INTEGER PRIMARY KEY AUTOINCREMENT,
    buyer_id REFERENCES users(id) ON DELETE CASCADE,
    product_id REFERENCES products(id) ON DELETE CASCADE,
    quantity INTEGER
);
success!
