This file contains any messages produced by compilers while
running configure, to aid debugging if configure makes a mistake.

It was created by configure, which was
generated by GNU Autoconf 2.53.  Invocation command line was

  $ ./configure 

## --------- ##
## Platform. ##
## --------- ##

hostname = laptop
uname -m = i686
uname -r = 2.6.20-16-generic
uname -s = Linux
uname -v = #2 SMP Thu Jun 7 20:19:32 UTC 2007

/usr/bin/uname -p = unknown
/bin/uname -X     = unknown

/bin/arch              = i686
/usr/bin/arch -k       = unknown
/usr/convex/getsysinfo = unknown
hostinfo               = unknown
/bin/machine           = unknown
/usr/bin/oslevel       = unknown
/bin/universe          = unknown

PATH: /home/c8h10n4o2/bin
PATH: /usr/local/sbin
PATH: /usr/local/bin
PATH: /usr/sbin
PATH: /usr/bin
PATH: /sbin
PATH: /bin
PATH: /usr/bin/X11
PATH: /usr/games


## ----------- ##
## Core tests. ##
## ----------- ##

configure:1242: checking for a BSD-compatible install
configure:1296: result: /usr/bin/install -c
configure:1307: checking whether build environment is sane
configure:1350: result: yes
configure:1383: checking for gawk
configure:1412: result: no
configure:1383: checking for mawk
configure:1399: found /usr/bin/mawk
configure:1409: result: mawk
configure:1419: checking whether make sets ${MAKE}
configure:1439: result: yes
configure:1602: checking whether to enable maintainer-specific portions of Makefiles
configure:1611: result: no
configure:1655: checking build system type
configure:1673: result: i686-pc-linux-gnu
configure:1681: checking host system type
configure:1695: result: i686-pc-linux-gnu
configure:1763: checking for g++
configure:1779: found /usr/bin/g++
configure:1789: result: g++
configure:1805: checking for C++ compiler version
configure:1808: g++ --version </dev/null >&5
g++ (GCC) 4.1.2 (Ubuntu 4.1.2-0ubuntu4)
Copyright (C) 2006 Free Software Foundation, Inc.
This is free software; see the source for copying conditions.  There is NO
warranty; not even for MERCHANTABILITY or FITNESS FOR A PARTICULAR PURPOSE.

configure:1811: $? = 0
configure:1813: g++ -v </dev/null >&5
Using built-in specs.
Target: i486-linux-gnu
Configured with: ../src/configure -v --enable-languages=c,c++,fortran,objc,obj-c++,treelang --prefix=/usr --enable-shared --with-system-zlib --libexecdir=/usr/lib --without-included-gettext --enable-threads=posix --enable-nls --program-suffix=-4.1 --enable-__cxa_atexit --enable-clocale=gnu --enable-libstdcxx-debug --enable-mpfr --enable-checking=release i486-linux-gnu
Thread model: posix
gcc version 4.1.2 (Ubuntu 4.1.2-0ubuntu4)
configure:1816: $? = 0
configure:1818: g++ -V </dev/null >&5
g++: '-V' option must have argument
configure:1821: $? = 1
configure:1847: checking for C++ compiler default output
configure:1850: g++    conftest.cc  >&5
configure:1853: $? = 0
configure:1886: result: a.out
configure:1891: checking whether the C++ compiler works
configure:1897: ./a.out
configure:1900: $? = 0
configure:1915: result: yes
configure:1922: checking whether we are cross compiling
configure:1924: result: no
configure:1927: checking for suffix of executables
configure:1929: g++ -o conftest    conftest.cc  >&5
configure:1932: $? = 0
configure:1954: result: 
configure:1960: checking for suffix of object files
configure:1984: g++ -c   conftest.cc >&5
configure:1987: $? = 0
configure:2006: result: o
configure:2010: checking whether we are using the GNU C++ compiler
configure:2037: g++ -c   conftest.cc >&5
configure:2040: $? = 0
configure:2043: test -s conftest.o
configure:2046: $? = 0
configure:2058: result: yes
configure:2064: checking whether g++ accepts -g
configure:2088: g++ -c -g  conftest.cc >&5
configure:2091: $? = 0
configure:2094: test -s conftest.o
configure:2097: $? = 0
configure:2107: result: yes
configure:2153: g++ -c -g -O2  conftest.cc >&5
configure:2156: $? = 0
configure:2159: test -s conftest.o
configure:2162: $? = 0
configure:2190: g++ -c -g -O2  conftest.cc >&5
configure: In function 'int main()':
configure:2182: error: 'exit' was not declared in this scope
configure:2193: $? = 1
configure: failed program was:
#line 2171 "configure"
#include "confdefs.h"

#ifdef F77_DUMMY_MAIN
#  ifdef __cplusplus
     extern "C"
#  endif
   int F77_DUMMY_MAIN() { return 1; }
#endif
int
main ()
{
exit (42);
  ;
  return 0;
}
configure:2153: g++ -c -g -O2  conftest.cc >&5
configure:2156: $? = 0
configure:2159: test -s conftest.o
configure:2162: $? = 0
configure:2190: g++ -c -g -O2  conftest.cc >&5
configure:2193: $? = 0
configure:2196: test -s conftest.o
configure:2199: $? = 0
configure:2240: checking for style of include used by make
configure:2268: result: GNU
configure:2296: checking dependency style of g++
configure:2358: result: gcc3
configure:2374: checking for Windows and DOS and OS/2 style pathnames
configure:2388: result: no
configure:2448: checking how to run the C++ preprocessor
configure:2470: g++ -E  conftest.cc
configure:2476: $? = 0
configure:2503: g++ -E  conftest.cc
configure:2499:28: error: ac_nonexistent.h: No such file or directory
configure:2509: $? = 1
configure: failed program was:
#line 2498 "configure"
#include "confdefs.h"
#include <ac_nonexistent.h>
configure:2546: result: g++ -E
configure:2561: g++ -E  conftest.cc
configure:2567: $? = 0
configure:2594: g++ -E  conftest.cc
configure:2590:28: error: ac_nonexistent.h: No such file or directory
configure:2600: $? = 1
configure: failed program was:
#line 2589 "configure"
#include "confdefs.h"
#include <ac_nonexistent.h>
configure:2640: checking for ANSI C header files
configure:2654: g++ -E  conftest.cc
configure:2660: $? = 0
configure:2747: g++ -o conftest -g -O2   conftest.cc  >&5
configure:2750: $? = 0
configure:2752: ./conftest
configure:2755: $? = 0
configure:2769: result: yes
configure:2794: checking for sys/types.h
configure:2807: g++ -c -g -O2  conftest.cc >&5
configure:2810: $? = 0
configure:2813: test -s conftest.o
configure:2816: $? = 0
configure:2826: result: yes
configure:2794: checking for sys/stat.h
configure:2807: g++ -c -g -O2  conftest.cc >&5
configure:2810: $? = 0
configure:2813: test -s conftest.o
configure:2816: $? = 0
configure:2826: result: yes
configure:2794: checking for stdlib.h
configure:2807: g++ -c -g -O2  conftest.cc >&5
configure:2810: $? = 0
configure:2813: test -s conftest.o
configure:2816: $? = 0
configure:2826: result: yes
configure:2794: checking for string.h
configure:2807: g++ -c -g -O2  conftest.cc >&5
configure:2810: $? = 0
configure:2813: test -s conftest.o
configure:2816: $? = 0
configure:2826: result: yes
configure:2794: checking for memory.h
configure:2807: g++ -c -g -O2  conftest.cc >&5
configure:2810: $? = 0
configure:2813: test -s conftest.o
configure:2816: $? = 0
configure:2826: result: yes
configure:2794: checking for strings.h
configure:2807: g++ -c -g -O2  conftest.cc >&5
configure:2810: $? = 0
configure:2813: test -s conftest.o
configure:2816: $? = 0
configure:2826: result: yes
configure:2794: checking for inttypes.h
configure:2807: g++ -c -g -O2  conftest.cc >&5
configure:2810: $? = 0
configure:2813: test -s conftest.o
configure:2816: $? = 0
configure:2826: result: yes
configure:2794: checking for stdint.h
configure:2807: g++ -c -g -O2  conftest.cc >&5
configure:2810: $? = 0
configure:2813: test -s conftest.o
configure:2816: $? = 0
configure:2826: result: yes
configure:2794: checking for unistd.h
configure:2807: g++ -c -g -O2  conftest.cc >&5
configure:2810: $? = 0
configure:2813: test -s conftest.o
configure:2816: $? = 0
configure:2826: result: yes
configure:2857: checking stdio.h usability
configure:2866: g++ -c -g -O2  conftest.cc >&5
configure:2869: $? = 0
configure:2872: test -s conftest.o
configure:2875: $? = 0
configure:2884: result: yes
configure:2888: checking stdio.h presence
configure:2895: g++ -E  conftest.cc
configure:2901: $? = 0
configure:2919: result: yes
configure:2937: checking for stdio.h
configure:2944: result: yes
configure:2857: checking assert.h usability
configure:2866: g++ -c -g -O2  conftest.cc >&5
configure:2869: $? = 0
configure:2872: test -s conftest.o
configure:2875: $? = 0
configure:2884: result: yes
configure:2888: checking assert.h presence
configure:2895: g++ -E  conftest.cc
configure:2901: $? = 0
configure:2919: result: yes
configure:2937: checking for assert.h
configure:2944: result: yes
configure:2857: checking limits.h usability
configure:2866: g++ -c -g -O2  conftest.cc >&5
configure:2869: $? = 0
configure:2872: test -s conftest.o
configure:2875: $? = 0
configure:2884: result: yes
configure:2888: checking limits.h presence
configure:2895: g++ -E  conftest.cc
configure:2901: $? = 0
configure:2919: result: yes
configure:2937: checking for limits.h
configure:2944: result: yes
configure:2857: checking ctype.h usability
configure:2866: g++ -c -g -O2  conftest.cc >&5
configure:2869: $? = 0
configure:2872: test -s conftest.o
configure:2875: $? = 0
configure:2884: result: yes
configure:2888: checking ctype.h presence
configure:2895: g++ -E  conftest.cc
configure:2901: $? = 0
configure:2919: result: yes
configure:2937: checking for ctype.h
configure:2944: result: yes
configure:2857: checking time.h usability
configure:2866: g++ -c -g -O2  conftest.cc >&5
configure:2869: $? = 0
configure:2872: test -s conftest.o
configure:2875: $? = 0
configure:2884: result: yes
configure:2888: checking time.h presence
configure:2895: g++ -E  conftest.cc
configure:2901: $? = 0
configure:2919: result: yes
configure:2937: checking for time.h
configure:2944: result: yes
configure:2857: checking float.h usability
configure:2866: g++ -c -g -O2  conftest.cc >&5
configure:2869: $? = 0
configure:2872: test -s conftest.o
configure:2875: $? = 0
configure:2884: result: yes
configure:2888: checking float.h presence
configure:2895: g++ -E  conftest.cc
configure:2901: $? = 0
configure:2919: result: yes
configure:2937: checking for float.h
configure:2944: result: yes
configure:2977: checking windows.h usability
configure:2986: g++ -c -g -O2  conftest.cc >&5
configure:3014:21: error: windows.h: No such file or directory
configure:2989: $? = 1
configure: failed program was:
#line 2979 "configure"
#include "confdefs.h"
#include <stdio.h>
#if HAVE_SYS_TYPES_H
# include <sys/types.h>
#endif
#if HAVE_SYS_STAT_H
# include <sys/stat.h>
#endif
#if STDC_HEADERS
# include <stdlib.h>
# include <stddef.h>
#else
# if HAVE_STDLIB_H
#  include <stdlib.h>
# endif
#endif
#if HAVE_STRING_H
# if !STDC_HEADERS && HAVE_MEMORY_H
#  include <memory.h>
# endif
# include <string.h>
#endif
#if HAVE_STRINGS_H
# include <strings.h>
#endif
#if HAVE_INTTYPES_H
# include <inttypes.h>
#else
# if HAVE_STDINT_H
#  include <stdint.h>
# endif
#endif
#if HAVE_UNISTD_H
# include <unistd.h>
#endif
#include <windows.h>
configure:3004: result: no
configure:3008: checking windows.h presence
configure:3015: g++ -E  conftest.cc
configure:3011:21: error: windows.h: No such file or directory
configure:3021: $? = 1
configure: failed program was:
#line 3010 "configure"
#include "confdefs.h"
#include <windows.h>
configure:3039: result: no
configure:3057: checking for windows.h
configure:3064: result: no
configure:2977: checking direct.h usability
configure:2986: g++ -c -g -O2  conftest.cc >&5
configure:3014:20: error: direct.h: No such file or directory
configure:2989: $? = 1
configure: failed program was:
#line 2979 "configure"
#include "confdefs.h"
#include <stdio.h>
#if HAVE_SYS_TYPES_H
# include <sys/types.h>
#endif
#if HAVE_SYS_STAT_H
# include <sys/stat.h>
#endif
#if STDC_HEADERS
# include <stdlib.h>
# include <stddef.h>
#else
# if HAVE_STDLIB_H
#  include <stdlib.h>
# endif
#endif
#if HAVE_STRING_H
# if !STDC_HEADERS && HAVE_MEMORY_H
#  include <memory.h>
# endif
# include <string.h>
#endif
#if HAVE_STRINGS_H
# include <strings.h>
#endif
#if HAVE_INTTYPES_H
# include <inttypes.h>
#else
# if HAVE_STDINT_H
#  include <stdint.h>
# endif
#endif
#if HAVE_UNISTD_H
# include <unistd.h>
#endif
#include <direct.h>
configure:3004: result: no
configure:3008: checking direct.h presence
configure:3015: g++ -E  conftest.cc
configure:3011:20: error: direct.h: No such file or directory
configure:3021: $? = 1
configure: failed program was:
#line 3010 "configure"
#include "confdefs.h"
#include <direct.h>
configure:3039: result: no
configure:3057: checking for direct.h
configure:3064: result: no
configure:2977: checking dirent.h usability
configure:2986: g++ -c -g -O2  conftest.cc >&5
configure:2989: $? = 0
configure:2992: test -s conftest.o
configure:2995: $? = 0
configure:3004: result: yes
configure:3008: checking dirent.h presence
configure:3015: g++ -E  conftest.cc
configure:3021: $? = 0
configure:3039: result: yes
configure:3057: checking for dirent.h
configure:3064: result: yes
configure:2977: checking sys/cygwin.h usability
configure:2986: g++ -c -g -O2  conftest.cc >&5
configure:3014:24: error: sys/cygwin.h: No such file or directory
configure:2989: $? = 1
configure: failed program was:
#line 2979 "configure"
#include "confdefs.h"
#include <stdio.h>
#if HAVE_SYS_TYPES_H
# include <sys/types.h>
#endif
#if HAVE_SYS_STAT_H
# include <sys/stat.h>
#endif
#if STDC_HEADERS
# include <stdlib.h>
# include <stddef.h>
#else
# if HAVE_STDLIB_H
#  include <stdlib.h>
# endif
#endif
#if HAVE_STRING_H
# if !STDC_HEADERS && HAVE_MEMORY_H
#  include <memory.h>
# endif
# include <string.h>
#endif
#if HAVE_STRINGS_H
# include <strings.h>
#endif
#if HAVE_INTTYPES_H
# include <inttypes.h>
#else
# if HAVE_STDINT_H
#  include <stdint.h>
# endif
#endif
#if HAVE_UNISTD_H
# include <unistd.h>
#endif
#include <sys/cygwin.h>
configure:3004: result: no
configure:3008: checking sys/cygwin.h presence
configure:3015: g++ -E  conftest.cc
configure:3011:24: error: sys/cygwin.h: No such file or directory
configure:3021: $? = 1
configure: failed program was:
#line 3010 "configure"
#include "confdefs.h"
#include <sys/cygwin.h>
configure:3039: result: no
configure:3057: checking for sys/cygwin.h
configure:3064: result: no
configure:2977: checking langinfo.h usability
configure:2986: g++ -c -g -O2  conftest.cc >&5
configure:2989: $? = 0
configure:2992: test -s conftest.o
configure:2995: $? = 0
configure:3004: result: yes
configure:3008: checking langinfo.h presence
configure:3015: g++ -E  conftest.cc
configure:3021: $? = 0
configure:3039: result: yes
configure:3057: checking for langinfo.h
configure:3064: result: yes
configure:2977: checking locale.h usability
configure:2986: g++ -c -g -O2  conftest.cc >&5
configure:2989: $? = 0
configure:2992: test -s conftest.o
configure:2995: $? = 0
configure:3004: result: yes
configure:3008: checking locale.h presence
configure:3015: g++ -E  conftest.cc
configure:3021: $? = 0
configure:3039: result: yes
configure:3057: checking for locale.h
configure:3064: result: yes
configure:3093: checking math.h usability
configure:3102: g++ -c -g -O2  conftest.cc >&5
configure:3105: $? = 0
configure:3108: test -s conftest.o
configure:3111: $? = 0
configure:3120: result: yes
configure:3124: checking math.h presence
configure:3131: g++ -E  conftest.cc
configure:3137: $? = 0
configure:3155: result: yes
configure:3173: checking for math.h
configure:3180: result: yes
configure:3193: checking if math lib is required
configure:3222: g++ -o conftest -g -O2   conftest.cc  >&5
configure:3225: $? = 0
configure:3228: test -s conftest
configure:3231: $? = 0
configure:3242: result: no
configure:3364: checking whether the compiler implements namespaces
configure:3396: g++ -c -g -O2  conftest.cc >&5
configure:3399: $? = 0
configure:3402: test -s conftest.o
configure:3405: $? = 0
configure:3422: result: yes
configure:3432: checking whether the compiler supports ISO C++ standard library
configure:3471: g++ -c -g -O2  conftest.cc >&5
configure:3474: $? = 0
configure:3477: test -s conftest.o
configure:3480: $? = 0
configure:3497: result: yes
configure:3509: checking whether the compiler recognizes bool as a built-in type
configure:3545: g++ -c -g -O2  conftest.cc >&5
configure:3548: $? = 0
configure:3551: test -s conftest.o
configure:3554: $? = 0
configure:3571: result: yes
configure:3584: checking for VC++ style set_new_handler
configure:3620: g++ -o conftest -g -O2   conftest.cc  >&5
In file included from /usr/lib/gcc/i486-linux-gnu/4.1.2/../../../../include/c++/4.1.2/backward/new.h:33,
                 from configure:3600:
/usr/lib/gcc/i486-linux-gnu/4.1.2/../../../../include/c++/4.1.2/backward/backward_warning.h:32:2: warning: #warning This file includes at least one deprecated or antiquated header. Please consider using one of the 32 headers found in section 17.4.1.2 of the C++ standard. Examples include substituting the <X> header for the <X.h> header for C++ includes, or <iostream> instead of the deprecated header <iostream.h>. To disable this warning use -Wno-deprecated.
configure: In function 'int main()':
configure:3612: error: '_set_new_handler' was not declared in this scope
configure:3623: $? = 1
configure: failed program was:
#line 3598 "configure"
#include "confdefs.h"

#include <new.h>
int OutOfMemory(size_t) { return 0; }

#ifdef F77_DUMMY_MAIN
#  ifdef __cplusplus
     extern "C"
#  endif
   int F77_DUMMY_MAIN() { return 1; }
#endif
int
main ()
{
 _set_new_handler(OutOfMemory);
  ;
  return 0;
}
configure:3646: result: no
configure:3657: checking for standard set_new_handler
configure:3692: g++ -o conftest -g -O2   conftest.cc  >&5
configure:3695: $? = 0
configure:3698: test -s conftest
configure:3701: $? = 0
configure:3712: result: yes
configure:3726: checking for compiler error on discard of const qualifier
configure:3753: g++ -c -g -O2  conftest.cc >&5
configure: In function 'void const_foo(const char*)':
configure:3734: error: invalid conversion from 'const char*' to 'char*'
configure:3734: error:   initializing argument 1 of 'void foo(char*)'
configure:3756: $? = 1
configure: failed program was:
#line 3731 "configure"
#include "confdefs.h"

void foo(char * arg) {}
void const_foo(const char * arg) { foo(arg); }

#ifdef F77_DUMMY_MAIN
#  ifdef __cplusplus
     extern "C"
#  endif
   int F77_DUMMY_MAIN() { return 1; }
#endif
int
main ()
{

  ;
  return 0;
}
configure:3773: result: yes
configure:3801: checking wchar.h usability
configure:3810: g++ -c -g -O2  conftest.cc >&5
configure:3813: $? = 0
configure:3816: test -s conftest.o
configure:3819: $? = 0
configure:3828: result: yes
configure:3832: checking wchar.h presence
configure:3839: g++ -E  conftest.cc
configure:3845: $? = 0
configure:3863: result: yes
configure:3881: checking for wchar.h
configure:3888: result: yes
configure:3792: checking for string.h
configure:3797: result: yes
configure:3792: checking for strings.h
configure:3797: result: yes
configure:3792: checking for memory.h
configure:3797: result: yes
configure:3911: checking for wcslen
configure:3954: g++ -o conftest -g -O2   conftest.cc  >&5
configure:3957: $? = 0
configure:3960: test -s conftest
configure:3963: $? = 0
configure:3973: result: yes
configure:3911: checking for wcscpy
configure:3954: g++ -o conftest -g -O2   conftest.cc  >&5
configure:3957: $? = 0
configure:3960: test -s conftest
configure:3963: $? = 0
configure:3973: result: yes
configure:3911: checking for wcsncpy
configure:3954: g++ -o conftest -g -O2   conftest.cc  >&5
configure:3957: $? = 0
configure:3960: test -s conftest
configure:3963: $? = 0
configure:3973: result: yes
configure:3911: checking for wcscat
configure:3954: g++ -o conftest -g -O2   conftest.cc  >&5
configure:3957: $? = 0
configure:3960: test -s conftest
configure:3963: $? = 0
configure:3973: result: yes
configure:3911: checking for wcscmp
configure:3954: g++ -o conftest -g -O2   conftest.cc  >&5
configure:3957: $? = 0
configure:3960: test -s conftest
configure:3963: $? = 0
configure:3973: result: yes
configure:3911: checking for wcsncmp
configure:3954: g++ -o conftest -g -O2   conftest.cc  >&5
configure:3957: $? = 0
configure:3960: test -s conftest
configure:3963: $? = 0
configure:3973: result: yes
configure:4004: checking for wchar_t type
configure:4029: g++ -c -g -O2  conftest.cc >&5
configure:4032: $? = 0
configure:4035: test -s conftest.o
configure:4038: $? = 0
configure:4049: result: yes
configure:4059: checking call wcslen
configure:4084: g++ -c -g -O2  conftest.cc >&5
configure:4087: $? = 0
configure:4090: test -s conftest.o
configure:4093: $? = 0
configure:4104: result: yes
configure:4111: checking for error calling wcslen with const argument
configure:4138: g++ -c -g -O2  conftest.cc >&5
configure:4141: $? = 0
configure:4144: test -s conftest.o
configure:4147: $? = 0
configure:4158: result: no
configure:4233: checking for presence of ostream << const unsigned char *
configure:4260: g++ -c -g -O2  conftest.cc >&5
In file included from /usr/lib/gcc/i486-linux-gnu/4.1.2/../../../../include/c++/4.1.2/backward/iostream.h:31,
                 from configure:4240:
/usr/lib/gcc/i486-linux-gnu/4.1.2/../../../../include/c++/4.1.2/backward/backward_warning.h:32:2: warning: #warning This file includes at least one deprecated or antiquated header. Please consider using one of the 32 headers found in section 17.4.1.2 of the C++ standard. Examples include substituting the <X> header for the <X.h> header for C++ includes, or <iostream> instead of the deprecated header <iostream.h>. To disable this warning use -Wno-deprecated.
configure:4263: $? = 0
configure:4266: test -s conftest.o
configure:4269: $? = 0
configure:4280: result: yes
configure:4306: checking iconv.h usability
configure:4315: g++ -c -g -O2  conftest.cc >&5
configure:4318: $? = 0
configure:4321: test -s conftest.o
configure:4324: $? = 0
configure:4333: result: yes
configure:4337: checking iconv.h presence
configure:4344: g++ -E  conftest.cc
configure:4350: $? = 0
configure:4368: result: yes
configure:4386: checking for iconv.h
configure:4393: result: yes
configure:4411: checking for iconv in -liconv
configure:4444: g++ -o conftest -g -O2   conftest.cc -liconv   >&5
/usr/bin/ld: cannot find -liconv
collect2: ld returned 1 exit status
configure:4447: $? = 1
configure: failed program was:
#line 4418 "configure"
#include "confdefs.h"

/* Override any gcc2 internal prototype to avoid an error.  */
#ifdef __cplusplus
extern "C"
#endif
/* We use char because int might match the return type of a gcc2
   builtin and then its argument prototype would still apply.  */
char iconv ();
#ifdef F77_DUMMY_MAIN
#  ifdef __cplusplus
     extern "C"
#  endif
   int F77_DUMMY_MAIN() { return 1; }
#endif
int
main ()
{
iconv ();
  ;
  return 0;
}
configure:4464: result: no
configure:4477: checking for libiconv_open in -liconv
configure:4510: g++ -o conftest -g -O2   conftest.cc -liconv   >&5
/usr/bin/ld: cannot find -liconv
collect2: ld returned 1 exit status
configure:4513: $? = 1
configure: failed program was:
#line 4484 "configure"
#include "confdefs.h"

/* Override any gcc2 internal prototype to avoid an error.  */
#ifdef __cplusplus
extern "C"
#endif
/* We use char because int might match the return type of a gcc2
   builtin and then its argument prototype would still apply.  */
char libiconv_open ();
#ifdef F77_DUMMY_MAIN
#  ifdef __cplusplus
     extern "C"
#  endif
   int F77_DUMMY_MAIN() { return 1; }
#endif
int
main ()
{
libiconv_open ();
  ;
  return 0;
}
configure:4530: result: no
configure:4561: checking simple call to iconv
configure:4586: g++ -c -g -O2  conftest.cc >&5
configure:4589: $? = 0
configure:4592: test -s conftest.o
configure:4595: $? = 0
configure:4606: result: yes
configure:4609: checking for error calling iconv with const 2nd argument
configure:4636: g++ -c -g -O2  conftest.cc >&5
configure: In function 'int main()':
configure:4644: error: invalid conversion from 'const char**' to 'char**'
configure:4644: error:   initializing argument 2 of 'size_t iconv(void*, char**, size_t*, char**, size_t*)'
configure:4639: $? = 1
configure: failed program was:
#line 4614 "configure"
#include "confdefs.h"

#ifdef HAVE_STRING_H
# if !STDC_HEADERS && HAVE_MEMORY_H
#  include <memory.h>
# endif
# include <string.h>
#else
# ifdef HAVE_STRINGS_H
#  include <strings.h>
# endif
#endif
#ifdef HAVE_WCHAR_H
# include <wchar.h>
#endif
#ifdef HAVE_ICONV_H
# include <iconv.h>
#endif

#ifdef F77_DUMMY_MAIN
#  ifdef __cplusplus
     extern "C"
#  endif
   int F77_DUMMY_MAIN() { return 1; }
#endif
int
main ()
{

const char ** s = NULL;
iconv(0, s, NULL, NULL, NULL);

  ;
  return 0;
}
configure:4656: result: yes
configure:4669: checking fix for calling iconv with non const argument
configure:4700: g++ -c -g -O2  conftest.cc >&5
configure:4703: $? = 0
configure:4706: test -s conftest.o
configure:4709: $? = 0
configure:4722: result: yes
configure:4727: checking for wchar_t
configure:4754: g++ -c -g -O2  conftest.cc >&5
configure:4757: $? = 0
configure:4760: test -s conftest.o
configure:4763: $? = 0
configure:4773: result: yes
configure:4776: checking size of wchar_t
configure:5054: g++ -o conftest -g -O2   conftest.cc  >&5
configure:5057: $? = 0
configure:5059: ./conftest
configure:5062: $? = 0
configure:5082: result: 4
configure:5116: checking wchar_t as an encoding
configure:5193: g++ -o conftest -g -O2   conftest.cc  >&5
configure:5196: $? = 0
configure:5198: ./conftest
configure:5201: $? = 0
configure:5204: result: works
configure:5369: checking for u_getVersion in -licu-uc
configure:5402: g++ -o conftest -g -O2   conftest.cc -licu-uc   >&5
/usr/bin/ld: cannot find -licu-uc
collect2: ld returned 1 exit status
configure:5405: $? = 1
configure: failed program was:
#line 5376 "configure"
#include "confdefs.h"

/* Override any gcc2 internal prototype to avoid an error.  */
#ifdef __cplusplus
extern "C"
#endif
/* We use char because int might match the return type of a gcc2
   builtin and then its argument prototype would still apply.  */
char u_getVersion ();
#ifdef F77_DUMMY_MAIN
#  ifdef __cplusplus
     extern "C"
#  endif
   int F77_DUMMY_MAIN() { return 1; }
#endif
int
main ()
{
u_getVersion ();
  ;
  return 0;
}
configure:5422: result: no
configure:5438: checking for cygwin_win32_to_posix_path_list
configure:5481: g++ -o conftest -g -O2   conftest.cc  >&5
/tmp/ccq0vzud.o: In function `main':
/home/c8h10n4o2/robocode/jikes-1.16/configure:5471: undefined reference to `cygwin_win32_to_posix_path_list'
collect2: ld returned 1 exit status
configure:5484: $? = 1
configure: failed program was:
#line 5443 "configure"
#include "confdefs.h"
/* System header to define __stub macros and hopefully few prototypes,
    which can conflict with char cygwin_win32_to_posix_path_list (); below.  */
#include <assert.h>
/* Override any gcc2 internal prototype to avoid an error.  */
#ifdef __cplusplus
extern "C"
#endif
/* We use char because int might match the return type of a gcc2
   builtin and then its argument prototype would still apply.  */
char cygwin_win32_to_posix_path_list ();
char (*f) ();

#ifdef F77_DUMMY_MAIN
#  ifdef __cplusplus
     extern "C"
#  endif
   int F77_DUMMY_MAIN() { return 1; }
#endif
int
main ()
{
/* The GNU C library defines this for functions which it implements
    to always fail with ENOSYS.  Some functions are actually named
    something starting with __ and the normal name is an alias.  */
#if defined (__stub_cygwin_win32_to_posix_path_list) || defined (__stub___cygwin_win32_to_posix_path_list)
choke me
#else
f = cygwin_win32_to_posix_path_list;
#endif

  ;
  return 0;
}
configure:5500: result: no
configure:5552: checking for strip
configure:5568: found /usr/bin/strip
configure:5579: result: strip
configure:5592: checking whether the compiler supports member constants
configure:5624: g++ -c -g -O2  conftest.cc >&5
configure:5627: $? = 0
configure:5630: test -s conftest.o
configure:5633: $? = 0
configure:5650: result: yes
configure:5661: checking whether the compiler supports the explicit keyword
configure:5693: g++ -c -g -O2  conftest.cc >&5
configure:5696: $? = 0
configure:5699: test -s conftest.o
configure:5702: $? = 0
configure:5719: result: yes
configure:5735: checking whether the compiler supports Run-Time Type Identification
configure:5805: result: no
configure:5816: checking whether the compiler supports const_cast<>
configure:5848: g++ -c -g -O2  conftest.cc >&5
configure:5851: $? = 0
configure:5854: test -s conftest.o
configure:5857: $? = 0
configure:5874: result: yes
configure:5884: checking whether the compiler supports dynamic_cast<>
configure:5919: g++ -c -g -O2  conftest.cc >&5
configure:5922: $? = 0
configure:5925: test -s conftest.o
configure:5928: $? = 0
configure:5945: result: yes
configure:5955: checking whether the compiler supports reinterpret_cast<>
configure:5992: g++ -c -g -O2  conftest.cc >&5
configure:5995: $? = 0
configure:5998: test -s conftest.o
configure:6001: $? = 0
configure:6018: result: yes
configure:6028: checking whether the compiler supports static_cast<>
configure:6064: g++ -c -g -O2  conftest.cc >&5
configure:6067: $? = 0
configure:6070: test -s conftest.o
configure:6073: $? = 0
configure:6090: result: yes
configure:6109: checking correct value for UINT_MAX
configure:6138: g++ -c -g -O2  conftest.cc >&5
configure:6141: $? = 0
configure:6144: test -s conftest.o
configure:6147: $? = 0
configure:6161: result: yes
configure:6164: checking correct value for INT_MAX
configure:6193: g++ -c -g -O2  conftest.cc >&5
configure:6196: $? = 0
configure:6199: test -s conftest.o
configure:6202: $? = 0
configure:6216: result: yes
configure:6219: checking for broken USHRT_MAX
configure:6248: g++ -c -g -O2  conftest.cc >&5
configure:6251: $? = 0
configure:6254: test -s conftest.o
configure:6257: $? = 0
configure:6268: result: no
configure:6278: checking correct value for USHRT_MAX
configure:6307: g++ -c -g -O2  conftest.cc >&5
configure:6310: $? = 0
configure:6313: test -s conftest.o
configure:6316: $? = 0
configure:6330: result: yes
configure:6333: checking correct value for SHRT_MAX
configure:6362: g++ -c -g -O2  conftest.cc >&5
configure:6365: $? = 0
configure:6368: test -s conftest.o
configure:6371: $? = 0
configure:6385: result: yes
configure:6388: checking correct value for UCHAR_MAX
configure:6417: g++ -c -g -O2  conftest.cc >&5
configure:6420: $? = 0
configure:6423: test -s conftest.o
configure:6426: $? = 0
configure:6440: result: yes
configure:6443: checking correct value for SCHAR_MAX
configure:6472: g++ -c -g -O2  conftest.cc >&5
configure:6475: $? = 0
configure:6478: test -s conftest.o
configure:6481: $? = 0
configure:6495: result: yes
configure:6508: checking for floating point support
configure:6513: result: emulated
configure:6526: checking for unsigned long long
configure:6553: g++ -c -g -O2  conftest.cc >&5
configure:6556: $? = 0
configure:6559: test -s conftest.o
configure:6562: $? = 0
configure:6572: result: yes
configure:6866: checking for __S_IFDIR symbol
configure:6892: g++ -c -g -O2  conftest.cc >&5
configure:6895: $? = 0
configure:6898: test -s conftest.o
configure:6901: $? = 0
configure:6911: result: yes
configure:6914: checking for _S_IFDIR symbol
configure:6940: g++ -c -g -O2  conftest.cc >&5
configure: In function 'int main()':
configure:6932: error: '_S_IFDIR' was not declared in this scope
configure:6943: $? = 1
configure: failed program was:
#line 6919 "configure"
#include "confdefs.h"

#include <sys/stat.h>

#ifdef F77_DUMMY_MAIN
#  ifdef __cplusplus
     extern "C"
#  endif
   int F77_DUMMY_MAIN() { return 1; }
#endif
int
main ()
{
int i = _S_IFDIR;
  ;
  return 0;
}
configure:6959: result: no
configure:6962: checking for S_IFDIR symbol
configure:6988: g++ -c -g -O2  conftest.cc >&5
configure:6991: $? = 0
configure:6994: test -s conftest.o
configure:6997: $? = 0
configure:7007: result: yes
configure:7044: checking for mkdir
configure:7087: g++ -o conftest -g -O2   conftest.cc  >&5
configure:7090: $? = 0
configure:7093: test -s conftest
configure:7096: $? = 0
configure:7106: result: yes
configure:7121: checking for mac style mkdir
configure:7149: g++ -o conftest -g -O2   conftest.cc  >&5
configure:7129:22: error: stat.mac.h: No such file or directory
configure:7152: $? = 1
configure: failed program was:
#line 7126 "configure"
#include "confdefs.h"

#include <sys/stat.h>
#include <stat.mac.h>

#ifdef F77_DUMMY_MAIN
#  ifdef __cplusplus
     extern "C"
#  endif
   int F77_DUMMY_MAIN() { return 1; }
#endif
int
main ()
{
mkdir("foo.dir", 0);

  ;
  return 0;
}
configure:7169: result: no
configure:7172: checking for glibc style mkdir
configure:7200: g++ -o conftest -g -O2   conftest.cc  >&5
configure:7203: $? = 0
configure:7206: test -s conftest
configure:7209: $? = 0
configure:7220: result: yes
configure:7223: checking for libc5 style mkdir
configure:7251: g++ -o conftest -g -O2   conftest.cc  >&5
configure:7254: $? = 0
configure:7257: test -s conftest
configure:7260: $? = 0
configure:7271: result: yes
configure:7274: checking for win32 style mkdir
configure:7301: g++ -o conftest -g -O2   conftest.cc  >&5
configure:7281:20: error: direct.h: No such file or directory
configure: In function 'int main()':
configure:7292: error: 'mkdir' was not declared in this scope
configure:7304: $? = 1
configure: failed program was:
#line 7279 "configure"
#include "confdefs.h"

#include <direct.h>

#ifdef F77_DUMMY_MAIN
#  ifdef __cplusplus
     extern "C"
#  endif
   int F77_DUMMY_MAIN() { return 1; }
#endif
int
main ()
{
mkdir("foo.dir");

  ;
  return 0;
}
configure:7321: result: no
configure:7359: checking floating point bug workaround for ICC compiler
configure:7406: result: no
configure:7542: creating ./config.status

## ---------------------- ##
## Running config.status. ##
## ---------------------- ##

This file was extended by config.status, which was
generated by GNU Autoconf 2.53.  Invocation command line was

  CONFIG_FILES    = 
  CONFIG_HEADERS  = 
  CONFIG_LINKS    = 
  CONFIG_COMMANDS = 
  $ ./config.status 

on laptop

config.status:613: creating Makefile
config.status:613: creating doc/Makefile
config.status:613: creating src/Makefile
config.status:717: creating src/config.h
config.status:1031: executing depfiles commands

## ---------------- ##
## Cache variables. ##
## ---------------- ##

ac_cv_build=i686-pc-linux-gnu
ac_cv_build_alias=i686-pc-linux-gnu
ac_cv_call_iconv=yes
ac_cv_call_iconv_non_const=yes
ac_cv_call_wcslen=yes
ac_cv_cxx_bool=yes
ac_cv_cxx_compiler_gnu=yes
ac_cv_cxx_const_cast=yes
ac_cv_cxx_dynamic_cast=yes
ac_cv_cxx_explicit=yes
ac_cv_cxx_have_std=yes
ac_cv_cxx_member_constants=yes
ac_cv_cxx_namespaces=yes
ac_cv_cxx_ostream_const_unsigned_char_ptr=yes
ac_cv_cxx_reinterpret_cast=yes
ac_cv_cxx_rtti=no
ac_cv_cxx_static_cast=yes
ac_cv_env_CPPFLAGS_set=
ac_cv_env_CPPFLAGS_value=
ac_cv_env_CXXCPP_set=
ac_cv_env_CXXCPP_value=
ac_cv_env_CXXFLAGS_set=
ac_cv_env_CXXFLAGS_value=
ac_cv_env_CXX_set=
ac_cv_env_CXX_value=
ac_cv_env_LDFLAGS_set=
ac_cv_env_LDFLAGS_value=
ac_cv_env_build_alias_set=
ac_cv_env_build_alias_value=
ac_cv_env_host_alias_set=
ac_cv_env_host_alias_value=
ac_cv_env_target_alias_set=
ac_cv_env_target_alias_value=
ac_cv_error_call_iconv_const=yes
ac_cv_error_call_wcslen_const=no
ac_cv_error_discard_const=yes
ac_cv_exeext=
ac_cv_func_cygwin_win32_to_posix_path_list=no
ac_cv_func_mkdir=yes
ac_cv_func_wcscat=yes
ac_cv_func_wcscmp=yes
ac_cv_func_wcscpy=yes
ac_cv_func_wcslen=yes
ac_cv_func_wcsncmp=yes
ac_cv_func_wcsncpy=yes
ac_cv_header_assert_h=yes
ac_cv_header_ctype_h=yes
ac_cv_header_direct_h=no
ac_cv_header_dirent_h=yes
ac_cv_header_float_h=yes
ac_cv_header_iconv_h=yes
ac_cv_header_inttypes_h=yes
ac_cv_header_langinfo_h=yes
ac_cv_header_limits_h=yes
ac_cv_header_locale_h=yes
ac_cv_header_math_h=yes
ac_cv_header_memory_h=yes
ac_cv_header_stdc=yes
ac_cv_header_stdint_h=yes
ac_cv_header_stdio_h=yes
ac_cv_header_stdlib_h=yes
ac_cv_header_string_h=yes
ac_cv_header_strings_h=yes
ac_cv_header_sys_cygwin_h=no
ac_cv_header_sys_stat_h=yes
ac_cv_header_sys_types_h=yes
ac_cv_header_time_h=yes
ac_cv_header_unistd_h=yes
ac_cv_header_wchar_h=yes
ac_cv_header_windows_h=no
ac_cv_host=i686-pc-linux-gnu
ac_cv_host_alias=i686-pc-linux-gnu
ac_cv_lib_iconv_iconv=no
ac_cv_lib_iconv_libiconv_open=no
ac_cv_lib_icu_uc_u_getVersion=no
ac_cv_need_math_lib=no
ac_cv_objext=o
ac_cv_path_install='/usr/bin/install -c'
ac_cv_prog_AWK=mawk
ac_cv_prog_CXXCPP='g++ -E'
ac_cv_prog_ac_ct_CXX=g++
ac_cv_prog_ac_ct_STRIP=strip
ac_cv_prog_cxx_g=yes
ac_cv_prog_make_make_set=yes
ac_cv_sizeof_wchar_t=4
ac_cv_standard_set_new_handler=yes
ac_cv_type_unsigned_long_long=yes
ac_cv_type_wchar_t=yes
ac_cv_type_wint_t=yes
ac_cv_vcpp_set_new_handler=no
acx_cv_pathname_style_dos=no
am_cv_CXX_dependencies_compiler_type=gcc3
jikes_cv_glibc_mkdir=yes
jikes_cv_icc_fp_bugs=no
jikes_cv_int_max=yes
jikes_cv_libc5_mkdir=yes
jikes_cv_mac_mkdir=no
jikes_cv_schar_max=yes
jikes_cv_shrt_max=yes
jikes_cv_stat_ifdir_0underscore=yes
jikes_cv_stat_ifdir_1underscore=no
jikes_cv_stat_ifdir_2underscore=yes
jikes_cv_uchar_max=yes
jikes_cv_uint_max=yes
jikes_cv_ushrt_max=yes
jikes_cv_ushrt_max_is_broken=no
jikes_cv_win32_mkdir=no

## ----------- ##
## confdefs.h. ##
## ----------- ##

#define PACKAGE_NAME ""
#define PACKAGE_TARNAME ""
#define PACKAGE_VERSION ""
#define PACKAGE_STRING ""
#define PACKAGE_BUGREPORT ""
#define PACKAGE "jikes"
#define VERSION "1.16"
#define JIKES_VERSION_STRING "Version 1.16 - 10 July 2002"
#ifdef __cplusplus
#include <stdlib.h>
#endif
#define PATH_SEPARATOR ':'
#define UNIX_FILE_SYSTEM
#define STDC_HEADERS 1
#define HAVE_SYS_TYPES_H 1
#define HAVE_SYS_STAT_H 1
#define HAVE_STDLIB_H 1
#define HAVE_STRING_H 1
#define HAVE_MEMORY_H 1
#define HAVE_STRINGS_H 1
#define HAVE_INTTYPES_H 1
#define HAVE_STDINT_H 1
#define HAVE_UNISTD_H 1
#define HAVE_STDIO_H 1
#define HAVE_ASSERT_H 1
#define HAVE_LIMITS_H 1
#define HAVE_CTYPE_H 1
#define HAVE_TIME_H 1
#define HAVE_FLOAT_H 1
#define HAVE_DIRENT_H 1
#define HAVE_LANGINFO_H 1
#define HAVE_LOCALE_H 1
#define HAVE_MATH_H 1
#define HAVE_NAMESPACES 1
#define HAVE_STD
#define HAVE_BOOL
#define HAVE_ERROR_DISCARD_CONST
#define HAVE_WCHAR_H 1
#define HAVE_STRING_H 1
#define HAVE_STRINGS_H 1
#define HAVE_MEMORY_H 1
#define HAVE_WCSLEN 1
#define HAVE_WCSCPY 1
#define HAVE_WCSNCPY 1
#define HAVE_WCSCAT 1
#define HAVE_WCSCMP 1
#define HAVE_WCSNCMP 1
#define HAVE_WINT_T
#define HAVE_OSTREAM_CONST_UNSIGNED_CHAR_PTR
#define HAVE_ICONV_H 1
#define HAVE_ERROR_CALL_ICONV_CONST
#define SIZEOF_WCHAR_T 4
#define JIKES_ICONV_ENCODING "wchar_t"
#define HAVE_MEMBER_CONSTANTS
#define HAVE_EXPLICIT
#define HAVE_CONST_CAST
#define HAVE_DYNAMIC_CAST
#define HAVE_REINTERPRET_CAST
#define HAVE_STATIC_CAST
#define HAVE_UNSIGNED_LONG_LONG
#define HAVE_64BIT_TYPES
#define HAVE_32BIT_TYPES
#define JIKES_STAT_S_IFDIR __S_IFDIR
#define HAVE_MKDIR 1
#define HAVE_GLIBC_MKDIR

configure: exit 0
